
Gurobi 6.5.0 (win64) logging started 03/18/16 17:30:26

Set parameter TimeLimit to value 3600

Gurobi Optimizer version 6.5.0 build v6.5.0rc1 (win64)
Copyright (c) 2015, Gurobi Optimization, Inc.

Read LP format model from file proftafla.lp
Reading time = 0.11 seconds
(null): 26717 rows, 2618 columns, 58388 nonzeros
Optimize a model with 26717 rows, 2618 columns and 58388 nonzeros
Coefficient statistics:
  Matrix range    [1e+00, 3e+02]
  Objective range [1e+00, 2e+01]
  Bounds range    [1e+00, 1e+00]
  RHS range       [1e+00, 5e+02]
Found heuristic solution: objective 1348
Presolve removed 24008 rows and 0 columns
Presolve time: 0.27s
Presolved: 2709 rows, 2618 columns, 19216 nonzeros
Variable types: 0 continuous, 2618 integer (2618 binary)

Root relaxation: objective 4.201537e+02, 1382 iterations, 0.11 seconds

    Nodes    |    Current Node    |     Objective Bounds      |     Work
 Expl Unexpl |  Obj  Depth IntInf | Incumbent    BestBd   Gap | It/Node Time

     0     0  420.15368    0  146 1348.00000  420.15368  68.8%     -    0s
H    0     0                     472.0000000  420.15368  11.0%     -    0s
H    0     0                     448.0000000  420.15368  6.22%     -    0s
H    0     0                     439.0000000  420.15368  4.29%     -    0s
     0     0  421.71301    0  168  439.00000  421.71301  3.94%     -    1s
     0     0  421.77171    0  168  439.00000  421.77171  3.92%     -    1s
     0     0  422.27766    0  159  439.00000  422.27766  3.81%     -    1s
     0     0  422.56978    0  168  439.00000  422.56978  3.74%     -    1s
     0     0  422.93319    0  164  439.00000  422.93319  3.66%     -    1s
     0     0  423.07501    0  161  439.00000  423.07501  3.63%     -    1s
     0     0  423.25116    0  206  439.00000  423.25116  3.59%     -    1s
     0     0  423.30339    0  186  439.00000  423.30339  3.58%     -    1s
     0     0  423.33615    0  171  439.00000  423.33615  3.57%     -    1s
     0     0  423.33790    0  176  439.00000  423.33790  3.57%     -    1s
     0     0  423.40404    0  189  439.00000  423.40404  3.55%     -    1s
     0     0  423.42176    0  172  439.00000  423.42176  3.55%     -    1s
     0     0  423.46880    0  200  439.00000  423.46880  3.54%     -    1s
     0     0  423.47602    0  202  439.00000  423.47602  3.54%     -    1s
     0     0  423.53994    0  173  439.00000  423.53994  3.52%     -    1s
     0     0  423.54422    0  174  439.00000  423.54422  3.52%     -    1s
     0     0  423.56642    0  178  439.00000  423.56642  3.52%     -    1s
     0     0  423.57934    0  181  439.00000  423.57934  3.51%     -    1s
     0     0  423.58677    0  178  439.00000  423.58677  3.51%     -    1s
     0     0  423.58767    0  180  439.00000  423.58767  3.51%     -    1s
     0     0  423.59536    0  185  439.00000  423.59536  3.51%     -    2s
     0     0  423.60157    0  193  439.00000  423.60157  3.51%     -    2s
     0     0  423.68542    0  185  439.00000  423.68542  3.49%     -    2s
     0     0  423.69455    0  202  439.00000  423.69455  3.49%     -    2s
     0     0  423.71642    0  226  439.00000  423.71642  3.48%     -    2s
     0     0  423.73911    0  205  439.00000  423.73911  3.48%     -    2s
     0     0  423.75035    0  184  439.00000  423.75035  3.47%     -    2s
     0     0  423.75609    0  184  439.00000  423.75609  3.47%     -    2s
     0     0  423.76214    0  179  439.00000  423.76214  3.47%     -    2s
     0     0  423.77260    0  188  439.00000  423.77260  3.47%     -    2s
     0     0  423.77984    0  211  439.00000  423.77984  3.47%     -    2s
     0     0  423.78306    0  208  439.00000  423.78306  3.47%     -    2s
     0     0  423.78727    0  197  439.00000  423.78727  3.47%     -    2s
     0     0  423.78805    0  204  439.00000  423.78805  3.47%     -    2s
     0     0  423.79489    0  196  439.00000  423.79489  3.46%     -    2s
     0     0  423.80334    0  214  439.00000  423.80334  3.46%     -    2s
     0     0  423.80577    0  217  439.00000  423.80577  3.46%     -    2s
     0     0  423.80862    0  215  439.00000  423.80862  3.46%     -    2s
     0     0  423.82006    0  176  439.00000  423.82006  3.46%     -    2s
     0     0  423.82064    0  178  439.00000  423.82064  3.46%     -    2s
     0     0  423.82121    0  183  439.00000  423.82121  3.46%     -    2s
     0     0  423.82121    0  177  439.00000  423.82121  3.46%     -    3s
     0     0  423.82121    0  146  439.00000  423.82121  3.46%     -    3s
     0     0  423.82121    0  172  439.00000  423.82121  3.46%     -    3s
     0     0  423.82121    0  167  439.00000  423.82121  3.46%     -    3s
     0     0  423.82121    0  183  439.00000  423.82121  3.46%     -    3s
     0     0  423.82121    0  160  439.00000  423.82121  3.46%     -    3s
     0     0  423.82121    0  189  439.00000  423.82121  3.46%     -    4s
     0     0  423.82121    0  176  439.00000  423.82121  3.46%     -    4s
     0     0  423.82121    0  193  439.00000  423.82121  3.46%     -    4s
     0     0  423.82121    0  181  439.00000  423.82121  3.46%     -    4s
     0     0  423.82121    0  185  439.00000  423.82121  3.46%     -    4s
     0     0  423.82121    0  192  439.00000  423.82121  3.46%     -    4s
     0     0  423.82121    0  188  439.00000  423.82121  3.46%     -    4s
     0     0  423.82739    0  180  439.00000  423.82739  3.46%     -    4s
     0     0  423.83943    0  205  439.00000  423.83943  3.45%     -    4s
     0     0  423.85270    0  188  439.00000  423.85270  3.45%     -    4s
     0     0  423.87012    0  193  439.00000  423.87012  3.45%     -    4s
     0     0  423.87759    0  189  439.00000  423.87759  3.44%     -    4s
     0     0  423.88317    0  197  439.00000  423.88317  3.44%     -    4s
     0     0  423.88433    0  191  439.00000  423.88433  3.44%     -    4s
     0     0  423.88530    0  195  439.00000  423.88530  3.44%     -    4s
     0     0  423.88594    0  199  439.00000  423.88594  3.44%     -    4s
     0     0  423.88887    0  194  439.00000  423.88887  3.44%     -    4s
     0     0  423.89269    0  220  439.00000  423.89269  3.44%     -    4s
     0     0  423.90222    0  189  439.00000  423.90222  3.44%     -    4s
     0     0  423.90254    0  192  439.00000  423.90254  3.44%     -    4s
     0     0  423.91321    0  218  439.00000  423.91321  3.44%     -    4s
     0     0  423.91328    0  219  439.00000  423.91328  3.44%     -    4s
     0     0  423.91472    0  222  439.00000  423.91472  3.44%     -    5s
     0     0  423.91472    0  222  439.00000  423.91472  3.44%     -    5s
H    0     2                     432.0000000  423.91472  1.87%     -    5s
     0     2  423.91472    0  222  432.00000  423.91472  1.87%     -    5s
  1070   960  428.38474   40  166  432.00000  424.08438  1.83%  22.8   10s
  1108   985  426.94003   72  225  432.00000  424.51155  1.73%  22.0   15s
  1142  1008  427.54326   52  223  432.00000  424.69348  1.69%  21.4   20s
  1192  1060  425.01345   20  180  432.00000  424.82211  1.66%  26.1   25s
  4079  2460  426.48162   39   85  432.00000  424.84179  1.66%  29.0   30s
H 4824  2786                     431.0000000  424.84179  1.43%  28.5   30s
  8603  5982  427.67715   70  135  431.00000  425.20894  1.34%  28.7   35s
H11218  5023                     429.0000000  425.23992  0.88%  29.5   39s
 11650  5205  427.68068   49  156  429.00000  425.25098  0.87%  29.4   41s
 14507  7213  425.99181   31  176  429.00000  425.31525  0.86%  31.2   45s
 14528  7229  425.31525   25  222  429.00000  425.31525  0.86%  31.3   50s
 14533  7230  425.31525   28  187  429.00000  425.31525  0.86%  31.3   55s
 15539  7662  425.64878   52  181  429.00000  425.31525  0.86%  31.3   61s
 19313  9338  425.66572   40  187  429.00000  425.31525  0.86%  30.5   65s
 24476 11498  425.80715   51  180  429.00000  425.43258  0.83%  30.7   70s
 28414 13117  426.38446   55  118  429.00000  425.49551  0.82%  30.9   75s
 30534 14047  427.32626   48  177  429.00000  425.51860  0.81%  31.1   87s
 30544 14054  426.87978   72  221  429.00000  425.51860  0.81%  31.1   90s
 30556 14062  426.65705  105  221  429.00000  425.51860  0.81%  31.1   95s
 30572 14072  427.39944   77  242  429.00000  425.51860  0.81%  31.1  100s
 30584 14080  426.87978   72  225  429.00000  425.51860  0.81%  31.0  105s
 30600 14091  427.07619   79  241  429.00000  425.51860  0.81%  31.0  110s
 30612 14099  427.39944   77  264  429.00000  425.51860  0.81%  31.0  115s
 30624 14107  426.87978   72  253  429.00000  425.51860  0.81%  31.0  120s
 30637 14116  426.53934   49  259  429.00000  425.51860  0.81%  31.0  125s
 30642 14121  425.51860   34  155  429.00000  425.51860  0.81%  31.1  130s
 30648 14123  425.51860   37  161  429.00000  425.51860  0.81%  31.1  135s
 30702 14163  426.55906   58   24  429.00000  425.51860  0.81%  31.2  142s
 31759 14546  426.64438   65  138  429.00000  425.51860  0.81%  31.3  146s
 35689 16321  427.61274   75   72  429.00000  425.51860  0.81%  31.3  150s
 41996 18765  426.24301   59  167  429.00000  425.69739  0.77%  32.4  157s
 45287 19963  426.68216   66  185  429.00000  425.80861  0.74%  33.0  160s
 50639 21973  426.23122   50  166  429.00000  425.88516  0.73%  33.6  165s
 56407 24017  427.10910  111   92  429.00000  425.95427  0.71%  34.4  171s
 61271 25680  426.70534   62  134  429.00000  426.00808  0.70%  35.0  176s
 64223 26769  426.77215   45  104  429.00000  426.03591  0.69%  35.2  180s
 67970 28039  427.99508   58  127  429.00000  426.06198  0.68%  35.6  185s
 70941 28878  426.90384   62  158  429.00000  426.08589  0.68%  36.0  190s
 74685 30727  427.72813   60  120  429.00000  426.11323  0.67%  36.4  195s
 79215 33693  427.05452   52   75  429.00000  426.13818  0.67%  36.7  200s
 82608 35934  426.89818   52   70  429.00000  426.15522  0.66%  37.0  205s
 86782 38539  427.82668   54  134  429.00000  426.17671  0.66%  37.3  210s
 89803 40362  427.82550   54  122  429.00000  426.19175  0.65%  37.4  215s
 92253 41901  427.25861   62  191  429.00000  426.20252  0.65%  37.5  220s
 96185 44203  426.55071   52  169  429.00000  426.22131  0.65%  37.8  226s
 98981 45805  426.76722   50  179  429.00000  426.23265  0.65%  38.0  230s
 101926 47646  427.72056  104   67  429.00000  426.24305  0.64%  38.1  235s
 105580 49817  427.47263   79  120  429.00000  426.25965  0.64%  38.3  240s
 109328 52137  427.56279   59  147  429.00000  426.27208  0.64%  38.5  246s
 111798 53619  427.53254   74  163  429.00000  426.28178  0.63%  38.7  250s
 115632 55917  427.82487   82  145  429.00000  426.29605  0.63%  38.8  255s
 118032 57331  427.78564   66  127  429.00000  426.30398  0.63%  38.9  260s
 121758 59571  427.08482   48  211  429.00000  426.31613  0.63%  39.0  265s
 123509 60648  427.82002   54  124  429.00000  426.32257  0.62%  39.1  270s
 125862 62033  426.85346   69  138  429.00000  426.33170  0.62%  39.2  275s
 128572 63549     cutoff   96       429.00000  426.33935  0.62%  39.3  280s
 131195 65132  427.67715   78   70  429.00000  426.34956  0.62%  39.3  285s
 133801 66722  427.08338   72  152  429.00000  426.35650  0.62%  39.4  290s
 136397 68167  427.41694   93  102  429.00000  426.36389  0.61%  39.5  296s
 138532 69404  427.36375   72  168  429.00000  426.36877  0.61%  39.6  301s
 141026 70816  427.34712   52  116  429.00000  426.37615  0.61%  39.6  305s
 143444 72205     cutoff   95       429.00000  426.38130  0.61%  39.7  310s
 145927 73608  427.20654   62  114  429.00000  426.38832  0.61%  39.8  315s
 148296 74951  427.14034   68  147  429.00000  426.39368  0.61%  39.9  320s
 151641 76837  426.80965   57  129  429.00000  426.40235  0.61%  39.9  326s
 153285 77768  426.96031   56   71  429.00000  426.40608  0.60%  40.0  330s
 156328 79445  427.40128   65  168  429.00000  426.41315  0.60%  40.0  336s
 158879 80916  427.43964   74  128  429.00000  426.41859  0.60%  40.1  340s
 161196 82117  427.17745   61   58  429.00000  426.42582  0.60%  40.2  345s
 163256 83230  427.03440   63  120  429.00000  426.43013  0.60%  40.2  351s
 165646 84517     cutoff   75       429.00000  426.43592  0.60%  40.2  355s
 167888 85728  427.76632   72  184  429.00000  426.44121  0.60%  40.3  360s
 170250 87039  427.32884   73  172  429.00000  426.44667  0.60%  40.4  365s
 172652 88414  426.81313   63   79  429.00000  426.45112  0.59%  40.4  370s
 175667 90081  427.64993   68   83  429.00000  426.45704  0.59%  40.5  376s
 178057 91447  426.87598   51  185  429.00000  426.46150  0.59%  40.6  383s
 179385 92187  427.72437   73   98  429.00000  426.46387  0.59%  40.6  386s
 181830 93549  427.29381   47  159  429.00000  426.46870  0.59%  40.6  391s
 184180 94780  427.46560   61   65  429.00000  426.47285  0.59%  40.6  396s
 186530 96084  426.90755   75  102  429.00000  426.47729  0.59%  40.7  401s
 188867 97457  426.73238   99  110  429.00000  426.48179  0.59%  40.7  406s
 191332 98879  427.49818  101  101  429.00000  426.48560  0.59%  40.7  410s
 193408 99969  426.90061   53  192  429.00000  426.49027  0.59%  40.8  416s
 195646 101118  426.87861   71  149  429.00000  426.49433  0.58%  40.8  421s
 198045 102459  427.27989   53  177  429.00000  426.49850  0.58%  40.8  426s
 200280 103669     cutoff   67       429.00000  426.50273  0.58%  40.9  430s
 202425 104867  427.44546  112  120  429.00000  426.50584  0.58%  40.9  436s
 204894 106152  427.23646   72   82  429.00000  426.51014  0.58%  40.9  441s
 207153 107434  427.51107   65  166  429.00000  426.51385  0.58%  41.0  446s
 208589 108259  427.85002   86  130  429.00000  426.51544  0.58%  41.0  450s
 211608 109882  427.17026   58  159  429.00000  426.52097  0.58%  41.0  456s
 213880 111071  427.26810   60  150  429.00000  426.52495  0.58%  41.0  460s
 215953 112193  427.61758   68  124  429.00000  426.52757  0.58%  41.1  465s
 218290 113424  426.66142   68  142  429.00000  426.53094  0.58%  41.1  470s
 220467 114556  427.03875   72  188  429.00000  426.53400  0.57%  41.1  475s
 222476 115677  427.85554   90   71  429.00000  426.53623  0.57%  41.1  480s
 224692 116769  426.92947   55  182  429.00000  426.54023  0.57%  41.2  485s
 227728 118384  426.94375   66  156  429.00000  426.54402  0.57%  41.2  491s
 229909 119619  427.33893   67   99  429.00000  426.54745  0.57%  41.2  496s
 231824 120702  427.02723   69   72  429.00000  426.55019  0.57%  41.2  503s
 232745 121217  427.17220   58   89  429.00000  426.55121  0.57%  41.2  506s
 235021 122302     cutoff   71       429.00000  426.55450  0.57%  41.2  510s
 237268 123452  427.42742   63  199  429.00000  426.55794  0.57%  41.3  515s
 239481 124621  427.79546   64   82  429.00000  426.56097  0.57%  41.3  520s
 241537 125766  427.85004   92  102  429.00000  426.56325  0.57%  41.3  525s
 244498 127321  427.45211   51   60  429.00000  426.56804  0.57%  41.3  530s
 246789 128505  426.93731   56  128  429.00000  426.57080  0.57%  41.4  535s
 249614 129950     cutoff   80       429.00000  426.57462  0.57%  41.4  540s
 252680 131507  427.86724   65  152  429.00000  426.57792  0.56%  41.4  545s
 254633 132420  427.00248   52   97  429.00000  426.58122  0.56%  41.4  550s
 257724 134070  427.16912   64  125  429.00000  426.58466  0.56%  41.4  556s
 259898 135134  427.60595   73  169  429.00000  426.58712  0.56%  41.4  560s
 262817 136621  427.51472   84   34  429.00000  426.59154  0.56%  41.4  566s
 264653 137516  427.25165   67  178  429.00000  426.59425  0.56%  41.5  570s
 266704 138512  427.27274   80  115  429.00000  426.59729  0.56%  41.5  575s
 269623 139895     cutoff   75       429.00000  426.60120  0.56%  41.5  580s
 271837 140936  426.61416   72  132  429.00000  426.60411  0.56%  41.6  585s
 274715 142247  427.20449   56  155  429.00000  426.60788  0.56%  41.6  591s
 276198 142981  427.00877   65  206  429.00000  426.60976  0.56%  41.6  595s
 278933 144403  427.86673   65  114  429.00000  426.61339  0.56%  41.6  601s
 281181 145489  427.88297  109   46  429.00000  426.61575  0.56%  41.6  606s
 282714 146230  427.88328   73  191  429.00000  426.61758  0.56%  41.6  610s
 284599 147168  427.55217   65  142  429.00000  426.62024  0.55%  41.6  615s
 286816 148247  427.59006   56   92  429.00000  426.62233  0.55%  41.7  620s
 289075 149351  427.46426   53   87  429.00000  426.62490  0.55%  41.7  625s
 291952 150703     cutoff   69       429.00000  426.62855  0.55%  41.7  631s
 294082 151725  426.93201   65  199  429.00000  426.63144  0.55%  41.7  636s
 295895 152483     cutoff   72       429.00000  426.63356  0.55%  41.7  641s
 298020 153413  427.43704   74   71  429.00000  426.63612  0.55%  41.8  645s
 300006 154342  427.33217   66  159  429.00000  426.63829  0.55%  41.8  651s
 302310 155509  427.43548   85  130  429.00000  426.64119  0.55%  41.8  656s
 303510 156039  427.39950   91  175  429.00000  426.64211  0.55%  41.8  660s
 305697 157148  427.76542   57  159  429.00000  426.64484  0.55%  41.8  665s
 308598 158439  427.57493   70  108  429.00000  426.64754  0.55%  41.8  671s
 310786 159557  426.79087   44  172  429.00000  426.64977  0.55%  41.8  675s
 312688 160393  427.32252   79  149  429.00000  426.65235  0.55%  41.9  681s
 314790 161314  427.31948   68  110  429.00000  426.65456  0.55%  41.9  685s
 316903 162213  427.13949   72   84  429.00000  426.65711  0.55%  41.9  690s
 319091 163206  427.59154   64  174  429.00000  426.66006  0.55%  41.9  696s
 320297 163728  427.04186   51  129  429.00000  426.66118  0.55%  41.9  701s
 322361 164718  427.04836   80   99  429.00000  426.66313  0.54%  41.9  705s
 324533 165739  427.46447   70  152  429.00000  426.66573  0.54%  42.0  710s
 326740 166824  427.62900   55  175  429.00000  426.66789  0.54%  42.0  716s
 327877 167357     cutoff   87       429.00000  426.66872  0.54%  42.0  720s
 330745 168680  427.43450   65   67  429.00000  426.67114  0.54%  42.0  725s
 332886 169733  427.64207   77  143  429.00000  426.67375  0.54%  42.0  730s
 335117 170800  427.22293   54   75  429.00000  426.67571  0.54%  42.0  735s
 337286 171830  427.48043   55   59  429.00000  426.67789  0.54%  42.0  740s
 339277 172779  426.97537   56  151  429.00000  426.67991  0.54%  42.0  745s
 341408 173786  427.60679   64   67  429.00000  426.68200  0.54%  42.1  750s
 343503 174834  427.99201   92   88  429.00000  426.68442  0.54%  42.1  755s
 345361 175608     cutoff   60       429.00000  426.68631  0.54%  42.1  761s
 347482 176582  427.77745  100   19  429.00000  426.68822  0.54%  42.1  765s
 349932 177672  426.78399   59  178  429.00000  426.69025  0.54%  42.1  770s
 352266 178769     cutoff   61       429.00000  426.69257  0.54%  42.1  776s
 354340 179784  427.44462   54  152  429.00000  426.69506  0.54%  42.1  780s
 356450 180819  427.41380   62  124  429.00000  426.69700  0.54%  42.1  785s
 359089 181984  426.95017   82   70  429.00000  426.69973  0.54%  42.2  791s
 361166 182860  427.22584   57  142  429.00000  426.70155  0.54%  42.2  795s
 363006 183690  427.54047   61  191  429.00000  426.70343  0.54%  42.2  801s
 365019 184595  427.68026   74  115  429.00000  426.70518  0.53%  42.2  805s
 367837 185770  427.76733   81  166  429.00000  426.70786  0.53%  42.2  811s
 369903 186616  427.41088   78  144  429.00000  426.70987  0.53%  42.2  815s
 371981 187513     cutoff   71       429.00000  426.71178  0.53%  42.2  820s
 373744 188237  427.19919   72   64  429.00000  426.71338  0.53%  42.3  825s
 375835 189198  427.40076   68  191  429.00000  426.71526  0.53%  42.3  831s
 377207 189709  427.33322   59  102  429.00000  426.71661  0.53%  42.3  836s
 379349 190634     cutoff   86       429.00000  426.71840  0.53%  42.3  840s
 380708 191230  427.19418   62  163  429.00000  426.71981  0.53%  42.3  845s
 382360 191909     cutoff   62       429.00000  426.72120  0.53%  42.3  850s
 385091 193015  427.68954   58  165  429.00000  426.72424  0.53%  42.4  856s
 387148 193942     cutoff   57       429.00000  426.72586  0.53%  42.4  860s
 389345 195014  427.86961   68  174  429.00000  426.72770  0.53%  42.4  865s
 392080 196091  427.70178   84   86  429.00000  426.73038  0.53%  42.4  871s
 394130 196984  427.62343   72  144  429.00000  426.73211  0.53%  42.4  875s
 396248 197902  427.43496   69  159  429.00000  426.73403  0.53%  42.4  880s
 398079 198648  427.94749   72   43  429.00000  426.73552  0.53%  42.4  885s
 400154 199515  426.99353   56  117  429.00000  426.73741  0.53%  42.4  890s
 402275 200439  427.00138   72  156  429.00000  426.73914  0.53%  42.4  895s
 404342 201316  427.37509   65  134  429.00000  426.74110  0.53%  42.4  900s
 406413 202171  427.71800   75  156  429.00000  426.74271  0.53%  42.4  905s
 408227 202871  427.58311   71  150  429.00000  426.74418  0.53%  42.5  911s
 410327 203768  427.13013   73  149  429.00000  426.74612  0.53%  42.5  916s
 412342 204697  427.38796   55  197  429.00000  426.74763  0.53%  42.5  921s
 414348 205485  427.56651   79  120  429.00000  426.74901  0.52%  42.5  926s
 415391 205911  427.75331   63  185  429.00000  426.74965  0.52%  42.5  930s
 417373 206773  427.15658   68  152  429.00000  426.75130  0.52%  42.5  935s
 419420 207718  427.66726   74  163  429.00000  426.75277  0.52%  42.5  940s
 421407 208589  427.79503   74   72  429.00000  426.75429  0.52%  42.5  945s
 423503 209406     cutoff   64       429.00000  426.75576  0.52%  42.6  950s
 425595 210304  427.96583   92  105  429.00000  426.75741  0.52%  42.6  956s
 427424 210965  427.57750   67  142  429.00000  426.75904  0.52%  42.6  961s
 429426 211863     cutoff   74       429.00000  426.76036  0.52%  42.6  966s
 430776 212341  427.72070   65  160  429.00000  426.76161  0.52%  42.6  970s
 432819 213228  427.42764   76   99  429.00000  426.76289  0.52%  42.6  977s
 433786 213627  427.78393   53  112  429.00000  426.76363  0.52%  42.6  981s
 435881 214553  427.47721   64  167  429.00000  426.76509  0.52%  42.6  986s
 437896 215406     cutoff   57       429.00000  426.76683  0.52%  42.6  991s
 440026 216259  427.64649   77   61  429.00000  426.76856  0.52%  42.6  996s
 441424 216840  427.84702   79   38  429.00000  426.76940  0.52%  42.6 1000s
 443443 217620  427.55129   65  137  429.00000  426.77109  0.52%  42.7 1005s
 445463 218340  427.17293   80   93  429.00000  426.77252  0.52%  42.7 1010s
 447458 219139  427.90987   57  126  429.00000  426.77406  0.52%  42.7 1015s
 449358 219883  427.42397   66   99  429.00000  426.77550  0.52%  42.7 1021s
 450838 220470  427.34692   73  117  429.00000  426.77642  0.52%  42.7 1025s
 452869 221203  427.52950   69  117  429.00000  426.77817  0.52%  42.7 1031s
 454912 222052  427.26636   69  111  429.00000  426.77959  0.52%  42.7 1037s
 456082 222494  427.87357   68  175  429.00000  426.78046  0.52%  42.7 1041s
 457427 223026  427.05812   63  121  429.00000  426.78154  0.52%  42.7 1045s
 459485 223824     cutoff   71       429.00000  426.78329  0.52%  42.7 1050s
 460867 224389  427.09871   51  174  429.00000  426.78418  0.52%  42.7 1055s
 461924 224857  427.52909   77  165  429.00000  426.78517  0.52%  42.7 1060s
 464039 225715  427.33587   84  104  429.00000  426.78713  0.52%  42.7 1066s
 465339 226232  427.09037   58  106  429.00000  426.78811  0.52%  42.7 1070s
 467410 227047  427.52525   66  128  429.00000  426.78938  0.52%  42.7 1075s
 469494 227814  427.06298   73  102  429.00000  426.79082  0.51%  42.7 1080s
 471574 228646  427.86920   63  133  429.00000  426.79245  0.51%  42.7 1085s
 473399 229330  427.57206   80  175  429.00000  426.79353  0.51%  42.7 1091s
 474716 229836  427.24124   84  138  429.00000  426.79449  0.51%  42.8 1095s
 476747 230658  427.48623   63  138  429.00000  426.79598  0.51%  42.8 1100s
 478827 231475  427.49213   69  119  429.00000  426.79727  0.51%  42.8 1106s
 479955 231925     cutoff   66       429.00000  426.79792  0.51%  42.8 1110s
 481892 232605  427.83648   60  110  429.00000  426.79907  0.51%  42.8 1115s
 483908 233385  427.24675   65  172  429.00000  426.80067  0.51%  42.8 1121s
 485836 234140  427.64186  102  145  429.00000  426.80193  0.51%  42.8 1126s
 487139 234583  427.57747   67  127  429.00000  426.80287  0.51%  42.8 1130s
 489144 235355     cutoff   81       429.00000  426.80435  0.51%  42.8 1135s
 491219 236126  427.08509   63  159  429.00000  426.80568  0.51%  42.8 1140s
 493079 236818  427.51738   65  184  429.00000  426.80731  0.51%  42.8 1146s
 495139 237564  427.90563   70   96  429.00000  426.80870  0.51%  42.8 1151s
 497129 238295  427.75149   69  173  429.00000  426.81037  0.51%  42.8 1155s
 498532 238815  427.60448   57   95  429.00000  426.81137  0.51%  42.8 1160s
 500355 239454  427.49649   69  150  429.00000  426.81276  0.51%  42.8 1165s
 502544 240350  427.75352   66   70  429.00000  426.81376  0.51%  42.8 1170s
 504687 241234     cutoff   75       429.00000  426.81498  0.51%  42.8 1175s
 506710 242000  427.64507   67  118  429.00000  426.81658  0.51%  42.8 1180s
 508465 242712  427.70811   79  163  429.00000  426.81771  0.51%  42.9 1185s
 510546 243515     cutoff   54       429.00000  426.81889  0.51%  42.9 1190s
 513327 244573  427.81899   58  142  429.00000  426.82069  0.51%  42.9 1196s
 515337 245296  427.16752   78  175  429.00000  426.82209  0.51%  42.9 1202s
 516518 245749  427.49316   53  122  429.00000  426.82300  0.51%  42.9 1207s
 517262 246005  427.63250   59   98  429.00000  426.82355  0.51%  42.9 1210s
 519295 246715  427.34742   62   84  429.00000  426.82479  0.51%  42.9 1215s
 521341 247422  427.16479   70  201  429.00000  426.82613  0.51%  42.9 1221s
 523353 248172  427.19310   54  101  429.00000  426.82777  0.51%  42.9 1225s
 525071 248798  427.50456   78  151  429.00000  426.82875  0.51%  42.9 1231s
 527073 249542     cutoff   56       429.00000  426.83002  0.51%  42.9 1236s
 529219 250311     cutoff   74       429.00000  426.83121  0.51%  42.9 1241s
 531366 251233  427.17596   86   59  429.00000  426.83257  0.51%  42.9 1246s
 533419 251961  427.43062   68  151  429.00000  426.83391  0.50%  42.9 1251s
 535607 252848  427.62183   76   56  429.00000  426.83514  0.50%  42.9 1255s
 537554 253557  427.18225   69  125  429.00000  426.83615  0.50%  42.9 1261s
 539629 254276  427.84906   92  114  429.00000  426.83774  0.50%  42.9 1266s
 541660 254993  427.01596   70  174  429.00000  426.83903  0.50%  42.9 1271s
 543076 255515  427.88377   58  109  429.00000  426.84005  0.50%  42.9 1275s
 544911 256179  427.83324   57  150  429.00000  426.84138  0.50%  42.9 1280s
 547112 257013  427.80463   57  118  429.00000  426.84262  0.50%  42.9 1285s
 549114 257704     cutoff   77       429.00000  426.84402  0.50%  43.0 1290s
 551189 258446  427.77069   61  130  429.00000  426.84524  0.50%  42.9 1295s
 553256 259140     cutoff   65       429.00000  426.84639  0.50%  43.0 1301s
 554637 259658     cutoff   68       429.00000  426.84725  0.50%  43.0 1308s
 555276 259845  427.88466   59  105  429.00000  426.84764  0.50%  43.0 1310s
 558150 260811     cutoff   73       429.00000  426.84922  0.50%  43.0 1316s
 560345 261595  427.80289   68  118  429.00000  426.85060  0.50%  43.0 1321s
 562446 262381     cutoff   70       429.00000  426.85169  0.50%  43.0 1326s
 564595 263246  427.31858   56  163  429.00000  426.85282  0.50%  43.0 1332s
 565737 263644  427.39831   58  115  429.00000  426.85355  0.50%  43.0 1335s
 567897 264382  427.89426   98  141  429.00000  426.85464  0.50%  43.0 1340s
 570090 265080     cutoff   91       429.00000  426.85607  0.50%  43.0 1345s
 572233 265880     cutoff   60       429.00000  426.85725  0.50%  43.0 1350s
 574342 266724  426.97852   62  202  429.00000  426.85829  0.50%  43.0 1355s
 576397 267520     cutoff   67       429.00000  426.85950  0.50%  43.0 1360s
 578632 268332  427.50480   61  151  429.00000  426.86074  0.50%  43.0 1365s
 580856 269100  427.65891   60   92  429.00000  426.86187  0.50%  43.0 1370s
 582712 269788     cutoff   71       429.00000  426.86293  0.50%  43.0 1375s
 584935 270594  426.96230   72  111  429.00000  426.86428  0.50%  43.0 1380s
 587113 271421  427.57949   68   86  429.00000  426.86554  0.50%  43.0 1385s
 589280 272263  427.52430   60  149  429.00000  426.86638  0.50%  43.0 1390s
 591394 272944  427.55575   58  175  429.00000  426.86787  0.50%  43.0 1395s
 593531 273665     cutoff   75       429.00000  426.86910  0.50%  43.0 1400s
 595737 274466  427.71092   65  150  429.00000  426.87041  0.50%  43.0 1405s
 597750 275176     cutoff   78       429.00000  426.87141  0.50%  43.0 1410s
 599831 275807  427.96979   69  147  429.00000  426.87282  0.50%  43.0 1415s
 601909 276556  427.87780   69   96  429.00000  426.87396  0.50%  43.0 1420s
 604115 277415  427.80882   66  180  429.00000  426.87535  0.50%  43.0 1425s
 606082 278111  427.20142   64  120  429.00000  426.87630  0.50%  43.0 1431s
 608337 278979  427.81245   71  201  429.00000  426.87766  0.49%  43.0 1435s
 610522 279794  427.19843   65  210  429.00000  426.87890  0.49%  43.0 1441s
 612508 280462  427.45809   59  126  429.00000  426.87975  0.49%  43.0 1446s
 614728 281324  427.54158  114  110  429.00000  426.88073  0.49%  43.0 1451s
 616861 282012  427.12707   58  156  429.00000  426.88196  0.49%  43.0 1456s
 618126 282488  427.58050   74   53  429.00000  426.88262  0.49%  43.0 1460s
 620351 283366  427.92115   69  106  429.00000  426.88387  0.49%  43.0 1465s
 622529 284091  427.45439   74  193  429.00000  426.88498  0.49%  43.0 1470s
 624618 284833  427.60100   74   69  429.00000  426.88625  0.49%  43.0 1475s
 626916 285743  427.92780   81  115  429.00000  426.88744  0.49%  43.0 1480s
 629122 286432  426.94965   54  148  429.00000  426.88875  0.49%  43.0 1486s
 631054 287120  427.25735   64  146  429.00000  426.88992  0.49%  43.0 1491s
 633258 287846  427.80558   75  149  429.00000  426.89104  0.49%  43.0 1496s
 634768 288377  427.24613   65  148  429.00000  426.89180  0.49%  43.0 1500s
 636732 289144     cutoff   62       429.00000  426.89277  0.49%  43.0 1505s
 639679 290209  426.99150   80  180  429.00000  426.89435  0.49%  43.0 1511s
 641158 290743     cutoff   79       429.00000  426.89500  0.49%  43.0 1515s
 643001 291347  427.30649   61  116  429.00000  426.89604  0.49%  43.0 1520s
 645096 292031     cutoff   52       429.00000  426.89728  0.49%  43.0 1525s
 647304 292754  427.56538   51  179  429.00000  426.89843  0.49%  43.0 1530s
 649476 293481  427.66151   69  174  429.00000  426.89965  0.49%  43.0 1535s
 651686 294293  427.06885   62  122  429.00000  426.90067  0.49%  43.0 1540s
 653920 295134  427.44038   65  153  429.00000  426.90172  0.49%  43.0 1545s
 655859 295867  427.09252   83  119  429.00000  426.90278  0.49%  43.0 1551s
 658065 296713  427.52276   69   98  429.00000  426.90386  0.49%  43.0 1556s
 660307 297519  427.70618   84   49  429.00000  426.90516  0.49%  43.0 1561s
 662482 298213  427.06788   69   90  429.00000  426.90636  0.49%  43.0 1566s
 664799 299010  427.46551   80  159  429.00000  426.90723  0.49%  43.0 1571s
 666055 299345  427.42134   57   93  429.00000  426.90789  0.49%  43.0 1575s
 669214 300445  427.88838   85  136  429.00000  426.90943  0.49%  43.0 1581s
 671455 301228  427.66967   56  151  429.00000  426.91053  0.49%  43.0 1586s
 673700 301986  427.97365  108   92  429.00000  426.91172  0.49%  43.0 1592s
 675026 302374  427.76029   76  102  429.00000  426.91238  0.49%  43.0 1595s
 675725 302608  427.87241   64  126  429.00000  426.91258  0.49%  43.0 1600s
 677352 303097  427.62886   58  176  429.00000  426.91352  0.49%  43.0 1605s
*677750 16527              71     428.0000000  426.91356  0.25%  43.0 1606s
 680748 13993     cutoff   74       428.00000  426.92807  0.25%  42.9 1610s
 684620 10466     cutoff   59       428.00000  426.94777  0.25%  42.7 1615s
 689390  5930     cutoff   65       428.00000  426.97167  0.24%  42.5 1620s
 693147  2246     cutoff   58       428.00000  426.98952  0.24%  42.3 1625s

Cutting planes:
  Gomory: 17
  Cover: 693
  Clique: 22
  MIR: 326
  Flow cover: 60
  GUB cover: 17
  Zero half: 126
  Mod-K: 1

Explored 695567 nodes (29327502 simplex iterations) in 1626.69 seconds
Thread count was 8 (of 8 available processors)

Optimal solution found (tolerance 1.00e-04)
Best objective 4.280000000000e+02, best bound 4.280000000000e+02, gap 0.0%

Wrote result file 'proftafla.sol'

